<?xml version="1.0" encoding="UTF-8"?>
<testng-results total="1" passed="1" failed="0" skipped="0">
  <reporter-output>
  </reporter-output>
  <suite started-at="2025-04-11T06:59:13Z" name="Gold-OXO Smoke Suite" finished-at="2025-04-11T07:01:32Z" duration-ms="139216">
    <groups>
    </groups>
    <test started-at="2025-04-11T06:59:13Z" name="Test_DGLD_OXO_ST_094_My_Account_Page_Validation" finished-at="2025-04-11T07:01:32Z" duration-ms="139216">
      <class name="TestExecute.OXO.regressionTestcase.Test_DGLD_OXO_ST_094_My_Account_Page_Validation">
        <test-method is-config="true" signature="startTest()[pri:0, instance:TestExecute.OXO.regressionTestcase.Test_DGLD_OXO_ST_094_My_Account_Page_Validation@45905bff]" started-at="2025-04-11T12:29:13Z" name="startTest" finished-at="2025-04-11T12:29:26Z" duration-ms="13796" status="PASS">
          <reporter-output>
          </reporter-output>
        </test-method> <!-- startTest -->
        <test-method signature="Validate_My_Account_Page_Validation()[pri:0, instance:TestExecute.OXO.regressionTestcase.Test_DGLD_OXO_ST_094_My_Account_Page_Validation@45905bff]" started-at="2025-04-11T12:29:26Z" name="Validate_My_Account_Page_Validation" finished-at="2025-04-11T12:31:31Z" duration-ms="124725" status="PASS">
          <reporter-output>
          </reporter-output>
        </test-method> <!-- Validate_My_Account_Page_Validation -->
        <test-method is-config="true" signature="clearBrowser()[pri:0, instance:TestExecute.OXO.regressionTestcase.Test_DGLD_OXO_ST_094_My_Account_Page_Validation@45905bff]" started-at="2025-04-11T12:31:31Z" name="clearBrowser" finished-at="2025-04-11T12:31:32Z" duration-ms="421" status="PASS">
          <reporter-output>
          </reporter-output>
        </test-method> <!-- clearBrowser -->
      </class> <!-- TestExecute.OXO.regressionTestcase.Test_DGLD_OXO_ST_094_My_Account_Page_Validation -->
    </test> <!-- Test_DGLD_OXO_ST_094_My_Account_Page_Validation -->
  </suite> <!-- Gold-OXO Smoke Suite -->
</testng-results>
